5 758860420803799484
70 4750295006384364411
70 7051874206902824182
13
87 1997675621803307641
2
23
93
18 7282879978020820396
8
38
28 4925431352774202174
59
53
36
39
22 4710025459784734870
8 4476437608574368514
25
59 D
80
93
34 7090559918343217207
62 D
41
67 940806609880327905
81
56
11 D
17 4991475826459191561
65
24
50
14
26
46 8135497887330847949
3
97
58 9163477216842302628
54 D
8 D
96
52
49 2148311005994849510
17
30
66
55 424443604499565354
59 1007946801358750512
84
83
60
71
100 6218104929370157606
71 4453485034189138310
35 7104021484040484872
19
50
69 6894978238615447263
38 284278812748110585
91 8043386385834666765
55
4 255949495599355945
66
64 4644420800036123810
12
73 1834651875965493403
71
19
88
67
79
41
66 6662344396625263045
76 D
87
57 D
6
84 8615901413530651800
82
96
78
30 8641676965789834708
78 75583781366733411
10 7466358839289526141
100 6966365496755209882
43
53 D
37
75 3890535833290202065
95
65
4
62 2013561759488408682
6
84
73
62 7272719967094121504
8
17
31
71
49 8197418828143748765
65 5404662511352863495
44
81
22
12 D
91 6421870313648228277
13
73
92
38 382514470313342778
91
47 3466835595785957154
40
92
72
12
25 D
23
60
49 3427379874811757304
41 D
65
81
50
35 3477178435121153015
66
67
97 7701237351121535924
76
49 D
60
61 1802542130155004762
9
60
21 D
88
12 441593782562664449
69
41
69
24 3142700434446727636
78 D
71 D
14 D
70 7284834580037287011
93
81 2162645152948031754
26
46 5200182061645166044
78
40 D
34 2247109937509743297
45 6669510033193807073
15 4866427325425088946
14 3247224836047956679
53
51
7
82 D
70 8429195859011921334
18
98 2219913825618516602
83 D
8
24 4162311003936459637
19 6486258730345620654
14
29
11
17
47 3835809115758825807
58 2666812382213660807
82 D
40
49 D
92
25 2002418369436019242
22
100 2769599570185187668
87 D
14
75 6036971731860553019
29
47 996627458086657723
37
46 3667309418598643097
45
72 3628537592006203135
89
34
47 108075899184565576
15 3164989801144461663
55 7624052325912565753
89 2708321509399739002
33
51 9183060809295380705
34
68
71 5134407389176195364
42
59
52 5063051034082878490
70 1127632157203790391
23
62
59 D
16
99 542455711794333112
93 1954098850989629535
14 D
90
29
74
70
74
69 4484402503598040479
20
19 6970829798946389290
7
12
77
69 2627555380618545672
0
84 D
4
12
65
46 6949299065588379638
92
31 522159569696445065
56 323878652592791017
56 D
98
19 7135759363488063306
0
73
63 3165890768386168908
43 4076556577174182492
93
10 2411507128900872033
29
64 6062046014773833458
31
6 8654055728322782576
86 5909272113714826365
79
67 D
80
100 998009179761903105
56 8300320213315959328
47 7623882886722999952
60
51
15 6691802881902224449
58 9079112966150239963
26 8897299339227443762
37
49
43 4334066853128576485
100 53666823632220394
53
78
88
60
48 D
57 8889863033391818871
35
43 D
73
73
73
53
84
6
88
6 D
61 2084118839324194046
26
95 3223673135798322834
93 8947465654444747121
56
11
27 7642277029093790322
80
9 773566126201016673
76
23 D
20
30 D
91 D
4 D
39 D
71 D
95
87 5601821258200138425
3
85
80
35 7109712135584331142
35
33
2 D
8
29 6312470356741679718
55 2090060375460508937
47
72
35 1135841755596922560
43 1660154152238434843
64
45
41
19
99
35 D
25
10 1523845430397482220
39
47 4767347113296224270
90 3349237319658358258
40
94
90 7545553131808207359
69
74 D
43
7
31 7935633746251539563
74 241180362545987160
12
62 3677081228007255263
62
53 7898743034669707686
27 1611820184938091332
65 6186401134256197112
75 9092793153469187080
12 3238893043493024221
11
49
62
63 6542187642555009911
58 1499888498588220924
69
99
63
26
27 D
90 7863534807020109792
26 4397939818431641540
90 8793922347719260166
27 D
59 D
74
27
30
44 6577315987576430161
99
64 D
53 938654963933908298
84 2290332397030501944
94
62
8 3186504021320939338
89
44 1409694329811737564
2 3127642001339925221
48
33 7712130941593569240
33
5
29
1 2767172947139825590
63
100
30
95
36
89
4
2 D
20 D
92 1513369896191408104
100 7633157744760643320
90
61 D
93 380162631665564645
11
99 5006520609080203957
63 6726867917341868959
64
26
85 4987308410493644417
47 230347171980391540
69 D
86 7867234499795624056
66 2532702939248188158
53
60 D
5
48
73 1856172999795576492
82
44
74 D
40
5 5854916494945841656
98
59
24
56 3451828288455321708
22
68 3355645465668186779
75 4069988319997379892
88
58
68 7446349494844892201
56 1235439516743353970
55
6 D
35 D
15
100
17
49
81 8786361228371289991
79
45
32
37 1264774202878870526
31
83 7361135249811507772
34 2893542218984120468
15 2840421185744890560
33
8
63 8382901653699410045
85 1548928981289425334
16 2488478060929121571
83
6
36 5905504838124934544
0 3640733301101720971
56 9090196326871721186
33 8979967578150368494
28 2128945629823994787
17 6980224503093214784
16
96 7795678517331669801
61
33
82 1610965779504169695
78
25
39 7240627474120684533
80
62
22 D
69 6227019837960744145
46
64
10
100
57 D
63
27 D
16
37
25
23
36
81
73 D
3 3803266155683332872
71 1559314629901310361
26 682712083585714721
6
78
2
48
79
96 8620183334626623867
11 2109885642783040345
56 2662441874745051496
36 5117947640130914938
14
94 8722304653691285656
30
82
59 8370596644711532227
20
34 2617418923458018375
79 7693652569470364294
86
77 3218166785329209392
45 D
91
78
17 371815115284753006
52
89 7962008885164301745
26 7991984045923105216
73
80
73 D
21 1060707609605147227
38
10 9219908197270307380
80
62 1869032247878686955
37
81
59
50 3537589786302818815
43
85 8584922686597602650
33 D
47 6943580531382275322
27 D
19
62 1549860859072780163
24 6992845737529896784
3
83
90 583987611755144982
82 6759783522622199770
